<?xml version="1.0" encoding="utf-8"?>
<testsuites><testsuite name="common.tests.test_utils.TestGetCriteria"><testcase classname="common.tests.test_utils.TestGetCriteria" name="test_choice_select_integer_value" time="0.001391"></testcase><testcase classname="common.tests.test_utils.TestGetCriteria" name="test_choice_select_string_value" time="0.000535"></testcase><testcase classname="common.tests.test_utils.TestGetCriteria" name="test_not_choice_field" time="0.000301"></testcase></testsuite><testsuite name="common.tests.test_utils.TestGetCriteriaFromFieldData"><testcase classname="common.tests.test_utils.TestGetCriteriaFromFieldData" name="test_with_bad_field" time="0.241231"></testcase><testcase classname="common.tests.test_utils.TestGetCriteriaFromFieldData" name="test_with_label_overrider" time="0.232948"></testcase><testcase classname="common.tests.test_utils.TestGetCriteriaFromFieldData" name="test_with_no_selection" time="0.228924"></testcase><testcase classname="common.tests.test_utils.TestGetCriteriaFromFieldData" name="test_with_selection" time="0.232254"></testcase></testsuite><testsuite name="common.tests.test_utils.TestGetMultiChoice"><testcase classname="common.tests.test_utils.TestGetMultiChoice" name="test_bad_field" time="0.000460"></testcase><testcase classname="common.tests.test_utils.TestGetMultiChoice" name="test_with_integer_values" time="0.000657"></testcase><testcase classname="common.tests.test_utils.TestGetMultiChoice" name="test_with_string_values" time="0.000622"></testcase></testsuite><testsuite name="common.tests.test_utils.TestTsvResponse"><testcase classname="common.tests.test_utils.TestTsvResponse" name="test_response" time="0.000166"></testcase></testsuite><testsuite name="common.tests.test_utils.TestXlsResponse"><testcase classname="common.tests.test_utils.TestXlsResponse" name="test_response" time="0.026895"></testcase></testsuite><testsuite name="common.tests.test_templatetags.ClickableLinksTestCase"><testcase classname="common.tests.test_templatetags.ClickableLinksTestCase" name="test_no_link" time="0.000437"></testcase><testcase classname="common.tests.test_templatetags.ClickableLinksTestCase" name="test_one_link" time="0.022208"></testcase><testcase classname="common.tests.test_templatetags.ClickableLinksTestCase" name="test_two_links" time="0.001226"></testcase><testcase classname="common.tests.test_templatetags.ClickableLinksTestCase" name="test_two_links_bad_break_tag" time="0.000409"></testcase></testsuite><testsuite name="common.tests.test_templatetags.DecimalFormatTestCase"><testcase classname="common.tests.test_templatetags.DecimalFormatTestCase" name="test_decimal_no_fraction" time="0.000075"></testcase><testcase classname="common.tests.test_templatetags.DecimalFormatTestCase" name="test_decimal_with_fraction" time="0.000058"></testcase><testcase classname="common.tests.test_templatetags.DecimalFormatTestCase" name="test_decimal_with_no_integer_part" time="0.000045"></testcase><testcase classname="common.tests.test_templatetags.DecimalFormatTestCase" name="test_integer" time="0.000042"></testcase><testcase classname="common.tests.test_templatetags.DecimalFormatTestCase" name="test_string" time="0.000050"></testcase></testsuite><testsuite name="common.tests.test_templatetags.InGroupTestCase"><testcase classname="common.tests.test_templatetags.InGroupTestCase" name="test_in_group" time="0.025748"></testcase></testsuite><testsuite name="common.tests.test_templatetags.TooltipTestCase"><testcase classname="common.tests.test_templatetags.TooltipTestCase" name="test_with_attribute" time="0.000316"></testcase><testcase classname="common.tests.test_templatetags.TooltipTestCase" name="test_with_no_attributes" time="0.000056"></testcase></testsuite><testsuite name="common.tests.test_forms.BaseDefinitionsFormTestCase"><testcase classname="common.tests.test_forms.BaseDefinitionsFormTestCase" name="test_form_properties" time="0.005713"></testcase></testsuite><testsuite name="methods.tests.test_views.TestAnalyteSearchView"><testcase classname="methods.tests.test_views.TestAnalyteSearchView" name="test_view_no_analyte" time="0.091033"><system-err>/Users/mbucknel/nemi_workspace/nemi/env/lib/python2.6/site-packages/django/template/defaulttags.py:1235: DeprecationWarning: The syntax for the url template tag is changing. Load the `url` tag from the `future` tag library to start using the new behavior.
  category=DeprecationWarning)
</system-err></testcase><testcase classname="methods.tests.test_views.TestAnalyteSearchView" name="test_view_no_method_types" time="0.045829"></testcase><testcase classname="methods.tests.test_views.TestAnalyteSearchView" name="test_view_no_query" time="0.043823"></testcase><testcase classname="methods.tests.test_views.TestAnalyteSearchView" name="test_view_with_analyte_code" time="0.076781"></testcase><testcase classname="methods.tests.test_views.TestAnalyteSearchView" name="test_view_with_analyte_name" time="0.072569"></testcase><testcase classname="methods.tests.test_views.TestAnalyteSearchView" name="test_view_with_analyte_name_and_instrumentation" time="0.072369"></testcase><testcase classname="methods.tests.test_views.TestAnalyteSearchView" name="test_view_with_analyte_name_and_media_name" time="0.072636"></testcase><testcase classname="methods.tests.test_views.TestAnalyteSearchView" name="test_view_with_analyte_name_and_method_subcategory" time="0.105567"></testcase><testcase classname="methods.tests.test_views.TestAnalyteSearchView" name="test_view_with_analyte_name_and_method_types" time="0.071790"></testcase></testsuite><testsuite name="methods.tests.test_views.TestAnalyteSelectView"><testcase classname="methods.tests.test_views.TestAnalyteSelectView" name="test_analyte_code" time="0.004234"></testcase><testcase classname="methods.tests.test_views.TestAnalyteSelectView" name="test_analyte_name" time="0.003912"></testcase><testcase classname="methods.tests.test_views.TestAnalyteSelectView" name="test_bad_query" time="0.001832"></testcase><testcase classname="methods.tests.test_views.TestAnalyteSelectView" name="test_blank_selection" time="0.002079"></testcase></testsuite><testsuite name="methods.tests.test_views.TestBiologicalMethodSummaryView"><testcase classname="methods.tests.test_views.TestBiologicalMethodSummaryView" name="test_view_with_invalid_id" time="0.045330"></testcase><testcase classname="methods.tests.test_views.TestBiologicalMethodSummaryView" name="test_view_with_valid_id" time="0.039128"></testcase></testsuite><testsuite name="methods.tests.test_views.TestBiologicalSearchView"><testcase classname="methods.tests.test_views.TestBiologicalSearchView" name="test_view_analyte_type_filter" time="0.044012"></testcase><testcase classname="methods.tests.test_views.TestBiologicalSearchView" name="test_view_gear_type_filter" time="0.043895"></testcase><testcase classname="methods.tests.test_views.TestBiologicalSearchView" name="test_view_method_types_filter" time="0.043927"></testcase><testcase classname="methods.tests.test_views.TestBiologicalSearchView" name="test_view_no_filter" time="0.043123"></testcase><testcase classname="methods.tests.test_views.TestBiologicalSearchView" name="test_view_no_method_types" time="0.025176"></testcase><testcase classname="methods.tests.test_views.TestBiologicalSearchView" name="test_view_no_query" time="0.023746"></testcase><testcase classname="methods.tests.test_views.TestBiologicalSearchView" name="test_view_waterbody_type_filter" time="0.043634"></testcase></testsuite><testsuite name="methods.tests.test_views.TestBrowseMethodsView"><testcase classname="methods.tests.test_views.TestBrowseMethodsView" name="test_view" time="0.051914"></testcase></testsuite><testsuite name="methods.tests.test_views.TestExportAnalyteSearchView"><testcase classname="methods.tests.test_views.TestExportAnalyteSearchView" name="test_view_bad_query" time="0.009139"></testcase><testcase classname="methods.tests.test_views.TestExportAnalyteSearchView" name="test_view_output_tsv" time="0.017841"></testcase><testcase classname="methods.tests.test_views.TestExportAnalyteSearchView" name="test_view_output_xls" time="0.021636"></testcase></testsuite><testsuite name="methods.tests.test_views.TestExportGeneralSearchView"><testcase classname="methods.tests.test_views.TestExportGeneralSearchView" name="test_view_bad_query" time="0.009450"></testcase><testcase classname="methods.tests.test_views.TestExportGeneralSearchView" name="test_view_output_tsv" time="0.021370"></testcase><testcase classname="methods.tests.test_views.TestExportGeneralSearchView" name="test_view_output_xls" time="0.023534"></testcase></testsuite><testsuite name="methods.tests.test_views.TestExportMethodAnalyte"><testcase classname="methods.tests.test_views.TestExportMethodAnalyte" name="test_view" time="0.004681"></testcase></testsuite><testsuite name="methods.tests.test_views.TestExportRegulatorySearchView"><testcase classname="methods.tests.test_views.TestExportRegulatorySearchView" name="test_view_bad_query" time="0.009439"></testcase><testcase classname="methods.tests.test_views.TestExportRegulatorySearchView" name="test_view_output_tsv" time="0.009413"></testcase><testcase classname="methods.tests.test_views.TestExportRegulatorySearchView" name="test_view_output_xls" time="0.010649"></testcase></testsuite><testsuite name="methods.tests.test_views.TestGeneralSearchView"><testcase classname="methods.tests.test_views.TestGeneralSearchView" name="test_view_filter_by_instrumentation" time="0.060581"></testcase><testcase classname="methods.tests.test_views.TestGeneralSearchView" name="test_view_filter_by_media_name" time="0.059577"></testcase><testcase classname="methods.tests.test_views.TestGeneralSearchView" name="test_view_filter_by_method_number" time="0.060398"></testcase><testcase classname="methods.tests.test_views.TestGeneralSearchView" name="test_view_filter_by_method_subcategory" time="0.062867"></testcase><testcase classname="methods.tests.test_views.TestGeneralSearchView" name="test_view_filter_by_method_types" time="0.060574"></testcase><testcase classname="methods.tests.test_views.TestGeneralSearchView" name="test_view_filter_invalid" time="0.038337"></testcase><testcase classname="methods.tests.test_views.TestGeneralSearchView" name="test_view_no_filter" time="0.070689"></testcase><testcase classname="methods.tests.test_views.TestGeneralSearchView" name="test_view_no_query" time="0.037763"></testcase></testsuite><testsuite name="methods.tests.test_views.TestKeywordSearchView"><testcase classname="methods.tests.test_views.TestKeywordSearchView" name="test_view_blank_search_field" time="0.013237"></testcase><testcase classname="methods.tests.test_views.TestKeywordSearchView" name="test_view_no_query" time="0.013172"></testcase></testsuite><testsuite name="methods.tests.test_views.TestMethodSummaryView"><testcase classname="methods.tests.test_views.TestMethodSummaryView" name="test_view_with_invalid_id" time="0.033652"></testcase><testcase classname="methods.tests.test_views.TestMethodSummaryView" name="test_view_with_valid_id" time="0.045899"></testcase></testsuite><testsuite name="methods.tests.test_views.TestMicrobiologicalSearchView"><testcase classname="methods.tests.test_views.TestMicrobiologicalSearchView" name="test_view_analyte_filter" time="0.038129"></testcase><testcase classname="methods.tests.test_views.TestMicrobiologicalSearchView" name="test_view_method_types_filter" time="0.035028"></testcase><testcase classname="methods.tests.test_views.TestMicrobiologicalSearchView" name="test_view_no_filter" time="0.037327"></testcase><testcase classname="methods.tests.test_views.TestMicrobiologicalSearchView" name="test_view_no_method_types" time="0.023088"></testcase><testcase classname="methods.tests.test_views.TestMicrobiologicalSearchView" name="test_view_no_query" time="0.023153"></testcase></testsuite><testsuite name="methods.tests.test_views.TestPhysicalSearchView"><testcase classname="methods.tests.test_views.TestPhysicalSearchView" name="test_view_analyte_filter" time="0.037041"></testcase><testcase classname="methods.tests.test_views.TestPhysicalSearchView" name="test_view_method_types_filter" time="0.034701"></testcase><testcase classname="methods.tests.test_views.TestPhysicalSearchView" name="test_view_no_filter" time="0.036056"></testcase><testcase classname="methods.tests.test_views.TestPhysicalSearchView" name="test_view_no_method_types" time="0.023030"></testcase><testcase classname="methods.tests.test_views.TestPhysicalSearchView" name="test_view_no_query" time="0.022823"></testcase></testsuite><testsuite name="methods.tests.test_views.TestRegulatoryMethodSummaryView"><testcase classname="methods.tests.test_views.TestRegulatoryMethodSummaryView" name="test_view_with_invalid_id" time="0.033775"></testcase><testcase classname="methods.tests.test_views.TestRegulatoryMethodSummaryView" name="test_view_with_valid_id" time="0.046993"></testcase></testsuite><testsuite name="methods.tests.test_views.TestRegulatorySearchView"><testcase classname="methods.tests.test_views.TestRegulatorySearchView" name="test_view_analyte_code_and_regulation_filter" time="0.054326"></testcase><testcase classname="methods.tests.test_views.TestRegulatorySearchView" name="test_view_analyte_code_filter" time="0.052538"></testcase><testcase classname="methods.tests.test_views.TestRegulatorySearchView" name="test_view_analyte_name_filter" time="0.053180"></testcase><testcase classname="methods.tests.test_views.TestRegulatorySearchView" name="test_view_no_analyte" time="0.025847"></testcase><testcase classname="methods.tests.test_views.TestRegulatorySearchView" name="test_view_no_query" time="0.025661"></testcase></testsuite><testsuite name="methods.tests.test_views.TestStreamPhysicalMethodSummaryView"><testcase classname="methods.tests.test_views.TestStreamPhysicalMethodSummaryView" name="test_view_with_invalid_id" time="0.026913"></testcase><testcase classname="methods.tests.test_views.TestStreamPhysicalMethodSummaryView" name="test_view_with_valid_id" time="0.045458"></testcase></testsuite><testsuite name="methods.tests.test_views.TestStreamPhysicalSearchView"><testcase classname="methods.tests.test_views.TestStreamPhysicalSearchView" name="test_view" time="0.044099"></testcase></testsuite><testsuite name="methods.tests.test_views.TestTabularRegulatorySearchView"><testcase classname="methods.tests.test_views.TestTabularRegulatorySearchView" name="test_view_analyte_filter" time="0.026243"></testcase><testcase classname="methods.tests.test_views.TestTabularRegulatorySearchView" name="test_view_no_filter" time="0.035204"></testcase><testcase classname="methods.tests.test_views.TestTabularRegulatorySearchView" name="test_view_no_query" time="0.021661"></testcase></testsuite><testsuite name="methods.tests.test_views.TestToxicityMethodSummaryView"><testcase classname="methods.tests.test_views.TestToxicityMethodSummaryView" name="test_view_with_invalid_id" time="0.026265"></testcase><testcase classname="methods.tests.test_views.TestToxicityMethodSummaryView" name="test_view_with_valid_id" time="0.038293"></testcase></testsuite><testsuite name="methods.tests.test_views.TestToxicitySearchView"><testcase classname="methods.tests.test_views.TestToxicitySearchView" name="test_view_matrix_filter" time="0.040774"></testcase><testcase classname="methods.tests.test_views.TestToxicitySearchView" name="test_view_media_filter" time="0.041711"></testcase><testcase classname="methods.tests.test_views.TestToxicitySearchView" name="test_view_method_types_filter" time="0.040001"></testcase><testcase classname="methods.tests.test_views.TestToxicitySearchView" name="test_view_no_filter" time="0.041291"></testcase><testcase classname="methods.tests.test_views.TestToxicitySearchView" name="test_view_no_method_types" time="0.025458"></testcase><testcase classname="methods.tests.test_views.TestToxicitySearchView" name="test_view_no_query" time="0.024794"></testcase><testcase classname="methods.tests.test_views.TestToxicitySearchView" name="test_view_subcategory_filter" time="0.041631"></testcase></testsuite><testsuite name="sams.tests.test_views.TestAddStatMethodOnlineView"><testcase classname="sams.tests.test_views.TestAddStatMethodOnlineView" name="test_view_get" time="0.382605"></testcase><testcase classname="sams.tests.test_views.TestAddStatMethodOnlineView" name="test_view_post" time="0.392738"></testcase><testcase classname="sams.tests.test_views.TestAddStatMethodOnlineView" name="test_view_post_with_error" time="0.372223"></testcase></testsuite><testsuite name="sams.tests.test_views.TestApproveStatMethod"><testcase classname="sams.tests.test_views.TestApproveStatMethod" name="test_permissions" time="0.346771"></testcase></testsuite><testsuite name="sams.tests.test_views.TestReviewStatMethodStgListView"><testcase classname="sams.tests.test_views.TestReviewStatMethodStgListView" name="test_permissions" time="0.352437"></testcase></testsuite><testsuite name="sams.tests.test_views.TestStatisticSearchView"><testcase classname="sams.tests.test_views.TestStatisticSearchView" name="test_filter_by_analysis_type" time="0.077986"></testcase><testcase classname="sams.tests.test_views.TestStatisticSearchView" name="test_filter_by_complexity" time="0.077647"></testcase><testcase classname="sams.tests.test_views.TestStatisticSearchView" name="test_filter_by_item_type" time="0.080853"></testcase><testcase classname="sams.tests.test_views.TestStatisticSearchView" name="test_filter_by_media_emphasized" time="0.082923"></testcase><testcase classname="sams.tests.test_views.TestStatisticSearchView" name="test_filter_by_publication_source_type" time="0.115341"></testcase><testcase classname="sams.tests.test_views.TestStatisticSearchView" name="test_filter_by_special_topic" time="0.076637"></testcase><testcase classname="sams.tests.test_views.TestStatisticSearchView" name="test_filter_by_study_objective" time="0.081540"></testcase><testcase classname="sams.tests.test_views.TestStatisticSearchView" name="test_post" time="0.041521"></testcase></testsuite><testsuite name="sams.tests.test_views.TestStatisticSearchViewNoMethods"><testcase classname="sams.tests.test_views.TestStatisticSearchViewNoMethods" name="test_view_no_query" time="0.029397"></testcase><testcase classname="sams.tests.test_views.TestStatisticSearchViewNoMethods" name="test_view_query_all" time="0.032222"></testcase></testsuite><testsuite name="sams.tests.test_views.TestStatisticalMethodOnlineDetailView"><testcase classname="sams.tests.test_views.TestStatisticalMethodOnlineDetailView" name="test_permission" time="0.327567"></testcase></testsuite><testsuite name="sams.tests.test_views.TestStatisticalMethodStgDetailView"><testcase classname="sams.tests.test_views.TestStatisticalMethodStgDetailView" name="test_permissions" time="0.350393"></testcase></testsuite><testsuite name="sams.tests.test_views.TestSubmitForReviewView"><testcase classname="sams.tests.test_views.TestSubmitForReviewView" name="test_permissions" time="0.323998"></testcase></testsuite><testsuite name="sams.tests.test_views.TestUpdateStatisticalMethodOnlineListView"><testcase classname="sams.tests.test_views.TestUpdateStatisticalMethodOnlineListView" name="test_permission" time="0.362480"></testcase></testsuite><testsuite name="sams.tests.test_views.TestUpdateStatisticalMethodOnlineView"><testcase classname="sams.tests.test_views.TestUpdateStatisticalMethodOnlineView" name="test_permission" time="0.327367"></testcase></testsuite><testsuite name="sams.tests.test_views.TestUpdateStatisticalMethodStgView"><testcase classname="sams.tests.test_views.TestUpdateStatisticalMethodStgView" name="test_permissions" time="0.347129"></testcase></testsuite></testsuites>