<?xml version="1.0" encoding="utf-8"?>
<testsuites><testsuite name="search.tests.test_templatetags.ClickableLinksTestCase"><testcase classname="search.tests.test_templatetags.ClickableLinksTestCase" name="test_no_link" time="0.000363"></testcase><testcase classname="search.tests.test_templatetags.ClickableLinksTestCase" name="test_one_link" time="0.007080"></testcase><testcase classname="search.tests.test_templatetags.ClickableLinksTestCase" name="test_two_links" time="0.000553"></testcase><testcase classname="search.tests.test_templatetags.ClickableLinksTestCase" name="test_two_links_bad_break_tag" time="0.000262"></testcase></testsuite><testsuite name="search.tests.test_templatetags.DecimalFormatTestCase"><testcase classname="search.tests.test_templatetags.DecimalFormatTestCase" name="test_decimal_no_fraction" time="0.000103"></testcase><testcase classname="search.tests.test_templatetags.DecimalFormatTestCase" name="test_decimal_with_fraction" time="0.000046"></testcase><testcase classname="search.tests.test_templatetags.DecimalFormatTestCase" name="test_decimal_with_no_integer_part" time="0.000041"></testcase><testcase classname="search.tests.test_templatetags.DecimalFormatTestCase" name="test_integer" time="0.000041"></testcase><testcase classname="search.tests.test_templatetags.DecimalFormatTestCase" name="test_string" time="0.000041"></testcase></testsuite><testsuite name="search.tests.test_templatetags.VerboseHelpTestCase"><testcase classname="search.tests.test_templatetags.VerboseHelpTestCase" name="test_with_attribute" time="0.000359"></testcase><testcase classname="search.tests.test_templatetags.VerboseHelpTestCase" name="test_with_no_attributes" time="0.000054"></testcase></testsuite><testsuite name="search.tests.test_utils.TestGetCriteria"><testcase classname="search.tests.test_utils.TestGetCriteria" name="test_choice_select_integer_value" time="0.000596"></testcase><testcase classname="search.tests.test_utils.TestGetCriteria" name="test_choice_select_string_value" time="0.000515"></testcase><testcase classname="search.tests.test_utils.TestGetCriteria" name="test_not_choice_field" time="0.000274"></testcase></testsuite><testsuite name="search.tests.test_utils.TestGetCriteriaFromFieldData"><testcase classname="search.tests.test_utils.TestGetCriteriaFromFieldData" name="test_with_bad_field" time="0.004266"></testcase><testcase classname="search.tests.test_utils.TestGetCriteriaFromFieldData" name="test_with_label_overrider" time="0.010324"></testcase><testcase classname="search.tests.test_utils.TestGetCriteriaFromFieldData" name="test_with_no_selection" time="0.006272"></testcase><testcase classname="search.tests.test_utils.TestGetCriteriaFromFieldData" name="test_with_selection" time="0.007849"></testcase></testsuite><testsuite name="search.tests.test_utils.TestGetMultiChoice"><testcase classname="search.tests.test_utils.TestGetMultiChoice" name="test_bad_field" time="0.000405"></testcase><testcase classname="search.tests.test_utils.TestGetMultiChoice" name="test_with_integer_values" time="0.000628"></testcase><testcase classname="search.tests.test_utils.TestGetMultiChoice" name="test_with_string_values" time="0.000615"></testcase></testsuite><testsuite name="search.tests.test_utils.TestTsvResponse"><testcase classname="search.tests.test_utils.TestTsvResponse" name="test_response" time="0.000171"></testcase></testsuite><testsuite name="search.tests.test_utils.TestXlsResponse"><testcase classname="search.tests.test_utils.TestXlsResponse" name="test_response" time="0.002599"></testcase></testsuite><testsuite name="search.tests.test_views.TestAddStatisticalSourceView"><testcase classname="search.tests.test_views.TestAddStatisticalSourceView" name="test_view_get" time="0.360308"><system-err>/Users/mbucknel/nemi_workspace/nemi/env/lib/python2.6/site-packages/django/template/defaulttags.py:1235: DeprecationWarning: The syntax for the url template tag is changing. Load the `url` tag from the `future` tag library to start using the new behavior.
  category=DeprecationWarning)
</system-err></testcase></testsuite><testsuite name="search.tests.test_views.TestAnalyteSearchView"><testcase classname="search.tests.test_views.TestAnalyteSearchView" name="test_view_no_analyte" time="0.045975"></testcase><testcase classname="search.tests.test_views.TestAnalyteSearchView" name="test_view_no_method_types" time="0.042849"></testcase><testcase classname="search.tests.test_views.TestAnalyteSearchView" name="test_view_no_query" time="0.041916"></testcase><testcase classname="search.tests.test_views.TestAnalyteSearchView" name="test_view_with_analyte_code" time="0.070837"></testcase><testcase classname="search.tests.test_views.TestAnalyteSearchView" name="test_view_with_analyte_name" time="0.070014"></testcase><testcase classname="search.tests.test_views.TestAnalyteSearchView" name="test_view_with_analyte_name_and_instrumentation" time="0.068653"></testcase><testcase classname="search.tests.test_views.TestAnalyteSearchView" name="test_view_with_analyte_name_and_media_name" time="0.068517"></testcase><testcase classname="search.tests.test_views.TestAnalyteSearchView" name="test_view_with_analyte_name_and_method_subcategory" time="0.068476"></testcase><testcase classname="search.tests.test_views.TestAnalyteSearchView" name="test_view_with_analyte_name_and_method_types" time="0.068273"></testcase></testsuite><testsuite name="search.tests.test_views.TestAnalyteSelectView"><testcase classname="search.tests.test_views.TestAnalyteSelectView" name="test_analyte_code" time="0.004180"></testcase><testcase classname="search.tests.test_views.TestAnalyteSelectView" name="test_analyte_name" time="0.003821"></testcase><testcase classname="search.tests.test_views.TestAnalyteSelectView" name="test_bad_query" time="0.001781"></testcase><testcase classname="search.tests.test_views.TestAnalyteSelectView" name="test_blank_selection" time="0.001884"></testcase></testsuite><testsuite name="search.tests.test_views.TestBiologicalMethodSummaryView"><testcase classname="search.tests.test_views.TestBiologicalMethodSummaryView" name="test_view_with_invalid_id" time="0.026945"></testcase><testcase classname="search.tests.test_views.TestBiologicalMethodSummaryView" name="test_view_with_valid_id" time="0.066966"></testcase></testsuite><testsuite name="search.tests.test_views.TestBiologicalSearchView"><testcase classname="search.tests.test_views.TestBiologicalSearchView" name="test_view_analyte_type_filter" time="0.042472"></testcase><testcase classname="search.tests.test_views.TestBiologicalSearchView" name="test_view_gear_type_filter" time="0.041605"></testcase><testcase classname="search.tests.test_views.TestBiologicalSearchView" name="test_view_method_types_filter" time="0.040587"></testcase><testcase classname="search.tests.test_views.TestBiologicalSearchView" name="test_view_no_filter" time="0.041504"></testcase><testcase classname="search.tests.test_views.TestBiologicalSearchView" name="test_view_no_method_types" time="0.022972"></testcase><testcase classname="search.tests.test_views.TestBiologicalSearchView" name="test_view_no_query" time="0.022058"></testcase><testcase classname="search.tests.test_views.TestBiologicalSearchView" name="test_view_waterbody_type_filter" time="0.041488"></testcase></testsuite><testsuite name="search.tests.test_views.TestBrowseMethodsView"><testcase classname="search.tests.test_views.TestBrowseMethodsView" name="test_view" time="0.033450"></testcase></testsuite><testsuite name="search.tests.test_views.TestExportAnalyteSearchView"><testcase classname="search.tests.test_views.TestExportAnalyteSearchView" name="test_view_bad_query" time="0.008282"></testcase><testcase classname="search.tests.test_views.TestExportAnalyteSearchView" name="test_view_output_tsv" time="0.016702"></testcase><testcase classname="search.tests.test_views.TestExportAnalyteSearchView" name="test_view_output_xls" time="0.020416"></testcase></testsuite><testsuite name="search.tests.test_views.TestExportGeneralSearchView"><testcase classname="search.tests.test_views.TestExportGeneralSearchView" name="test_view_bad_query" time="0.008261"></testcase><testcase classname="search.tests.test_views.TestExportGeneralSearchView" name="test_view_output_tsv" time="0.015547"></testcase><testcase classname="search.tests.test_views.TestExportGeneralSearchView" name="test_view_output_xls" time="0.018093"></testcase></testsuite><testsuite name="search.tests.test_views.TestExportMethodAnalyte"><testcase classname="search.tests.test_views.TestExportMethodAnalyte" name="test_view" time="0.004563"></testcase></testsuite><testsuite name="search.tests.test_views.TestExportRegulatorySearchView"><testcase classname="search.tests.test_views.TestExportRegulatorySearchView" name="test_view_bad_query" time="0.008471"></testcase><testcase classname="search.tests.test_views.TestExportRegulatorySearchView" name="test_view_output_tsv" time="0.008001"></testcase><testcase classname="search.tests.test_views.TestExportRegulatorySearchView" name="test_view_output_xls" time="0.010348"></testcase></testsuite><testsuite name="search.tests.test_views.TestGeneralSearchView"><testcase classname="search.tests.test_views.TestGeneralSearchView" name="test_view_filter_by_instrumentation" time="0.053669"></testcase><testcase classname="search.tests.test_views.TestGeneralSearchView" name="test_view_filter_by_media_name" time="0.052167"></testcase><testcase classname="search.tests.test_views.TestGeneralSearchView" name="test_view_filter_by_method_number" time="0.052426"></testcase><testcase classname="search.tests.test_views.TestGeneralSearchView" name="test_view_filter_by_method_subcategory" time="0.055633"></testcase><testcase classname="search.tests.test_views.TestGeneralSearchView" name="test_view_filter_by_method_types" time="0.052227"></testcase><testcase classname="search.tests.test_views.TestGeneralSearchView" name="test_view_filter_invalid" time="0.032056"></testcase><testcase classname="search.tests.test_views.TestGeneralSearchView" name="test_view_no_filter" time="0.063501"></testcase><testcase classname="search.tests.test_views.TestGeneralSearchView" name="test_view_no_query" time="0.032112"></testcase></testsuite><testsuite name="search.tests.test_views.TestKeywordSearchView"><testcase classname="search.tests.test_views.TestKeywordSearchView" name="test_view_blank_search_field" time="0.012330"></testcase><testcase classname="search.tests.test_views.TestKeywordSearchView" name="test_view_no_query" time="0.012135"></testcase></testsuite><testsuite name="search.tests.test_views.TestMethodSummaryView"><testcase classname="search.tests.test_views.TestMethodSummaryView" name="test_view_with_invalid_id" time="0.031892"></testcase><testcase classname="search.tests.test_views.TestMethodSummaryView" name="test_view_with_valid_id" time="0.044565"></testcase></testsuite><testsuite name="search.tests.test_views.TestMicrobiologicalSearchView"><testcase classname="search.tests.test_views.TestMicrobiologicalSearchView" name="test_view_analyte_filter" time="0.036075"></testcase><testcase classname="search.tests.test_views.TestMicrobiologicalSearchView" name="test_view_method_types_filter" time="0.032380"></testcase><testcase classname="search.tests.test_views.TestMicrobiologicalSearchView" name="test_view_no_filter" time="0.035657"></testcase><testcase classname="search.tests.test_views.TestMicrobiologicalSearchView" name="test_view_no_method_types" time="0.021410"></testcase><testcase classname="search.tests.test_views.TestMicrobiologicalSearchView" name="test_view_no_query" time="0.020998"></testcase></testsuite><testsuite name="search.tests.test_views.TestPhysicalSearchView"><testcase classname="search.tests.test_views.TestPhysicalSearchView" name="test_view_analyte_filter" time="0.034821"></testcase><testcase classname="search.tests.test_views.TestPhysicalSearchView" name="test_view_method_types_filter" time="0.033077"></testcase><testcase classname="search.tests.test_views.TestPhysicalSearchView" name="test_view_no_filter" time="0.034404"></testcase><testcase classname="search.tests.test_views.TestPhysicalSearchView" name="test_view_no_method_types" time="0.021784"></testcase><testcase classname="search.tests.test_views.TestPhysicalSearchView" name="test_view_no_query" time="0.024744"></testcase></testsuite><testsuite name="search.tests.test_views.TestRegulatoryMethodSummaryView"><testcase classname="search.tests.test_views.TestRegulatoryMethodSummaryView" name="test_view_with_invalid_id" time="0.040895"></testcase><testcase classname="search.tests.test_views.TestRegulatoryMethodSummaryView" name="test_view_with_valid_id" time="0.052294"></testcase></testsuite><testsuite name="search.tests.test_views.TestRegulatorySearchView"><testcase classname="search.tests.test_views.TestRegulatorySearchView" name="test_view_analyte_code_and_regulation_filter" time="0.054834"></testcase><testcase classname="search.tests.test_views.TestRegulatorySearchView" name="test_view_analyte_code_filter" time="0.051809"></testcase><testcase classname="search.tests.test_views.TestRegulatorySearchView" name="test_view_analyte_name_filter" time="0.052049"></testcase><testcase classname="search.tests.test_views.TestRegulatorySearchView" name="test_view_no_analyte" time="0.024245"></testcase><testcase classname="search.tests.test_views.TestRegulatorySearchView" name="test_view_no_query" time="0.024213"></testcase></testsuite><testsuite name="search.tests.test_views.TestStatisticSearchView"><testcase classname="search.tests.test_views.TestStatisticSearchView" name="test_filter_query" time="0.040121"></testcase></testsuite><testsuite name="search.tests.test_views.TestStatisticSearchViewNoMethods"><testcase classname="search.tests.test_views.TestStatisticSearchViewNoMethods" name="test_view_no_query" time="0.030117"></testcase><testcase classname="search.tests.test_views.TestStatisticSearchViewNoMethods" name="test_view_query_all" time="0.034246"></testcase></testsuite><testsuite name="search.tests.test_views.TestStreamPhysicalMethodSummaryView"><testcase classname="search.tests.test_views.TestStreamPhysicalMethodSummaryView" name="test_view_with_invalid_id" time="0.028378"></testcase><testcase classname="search.tests.test_views.TestStreamPhysicalMethodSummaryView" name="test_view_with_valid_id" time="0.024102"></testcase></testsuite><testsuite name="search.tests.test_views.TestStreamPhysicalSearchView"><testcase classname="search.tests.test_views.TestStreamPhysicalSearchView" name="test_view" time="0.029102"></testcase></testsuite><testsuite name="search.tests.test_views.TestTabularRegulatorySearchView"><testcase classname="search.tests.test_views.TestTabularRegulatorySearchView" name="test_view_analyte_filter" time="0.025117"></testcase><testcase classname="search.tests.test_views.TestTabularRegulatorySearchView" name="test_view_no_filter" time="0.033931"></testcase><testcase classname="search.tests.test_views.TestTabularRegulatorySearchView" name="test_view_no_query" time="0.021747"></testcase></testsuite><testsuite name="search.tests.test_views.TestToxicityMethodSummaryView"><testcase classname="search.tests.test_views.TestToxicityMethodSummaryView" name="test_view_with_invalid_id" time="0.025468"></testcase><testcase classname="search.tests.test_views.TestToxicityMethodSummaryView" name="test_view_with_valid_id" time="0.035234"></testcase></testsuite><testsuite name="search.tests.test_views.TestToxicitySearchView"><testcase classname="search.tests.test_views.TestToxicitySearchView" name="test_view_matrix_filter" time="0.038697"></testcase><testcase classname="search.tests.test_views.TestToxicitySearchView" name="test_view_media_filter" time="0.039347"></testcase><testcase classname="search.tests.test_views.TestToxicitySearchView" name="test_view_method_types_filter" time="0.038088"></testcase><testcase classname="search.tests.test_views.TestToxicitySearchView" name="test_view_no_filter" time="0.038799"></testcase><testcase classname="search.tests.test_views.TestToxicitySearchView" name="test_view_no_method_types" time="0.023715"></testcase><testcase classname="search.tests.test_views.TestToxicitySearchView" name="test_view_no_query" time="0.023415"></testcase><testcase classname="search.tests.test_views.TestToxicitySearchView" name="test_view_subcategory_filter" time="0.039237"></testcase></testsuite></testsuites>