<?xml version="1.0" encoding="utf-8"?>
<testsuites><testsuite name="common.tests.test_utils.TestGetCriteria"><testcase classname="common.tests.test_utils.TestGetCriteria" name="test_choice_select_integer_value" time="0.000709"></testcase><testcase classname="common.tests.test_utils.TestGetCriteria" name="test_choice_select_string_value" time="0.000533"></testcase><testcase classname="common.tests.test_utils.TestGetCriteria" name="test_not_choice_field" time="0.000291"></testcase></testsuite><testsuite name="common.tests.test_utils.TestGetCriteriaFromFieldData"><testcase classname="common.tests.test_utils.TestGetCriteriaFromFieldData" name="test_with_bad_field" time="0.157504"></testcase><testcase classname="common.tests.test_utils.TestGetCriteriaFromFieldData" name="test_with_label_overrider" time="0.154498"></testcase><testcase classname="common.tests.test_utils.TestGetCriteriaFromFieldData" name="test_with_no_selection" time="0.155419"></testcase><testcase classname="common.tests.test_utils.TestGetCriteriaFromFieldData" name="test_with_selection" time="0.154090"></testcase></testsuite><testsuite name="common.tests.test_utils.TestGetMultiChoice"><testcase classname="common.tests.test_utils.TestGetMultiChoice" name="test_bad_field" time="0.000490"></testcase><testcase classname="common.tests.test_utils.TestGetMultiChoice" name="test_with_integer_values" time="0.000644"></testcase><testcase classname="common.tests.test_utils.TestGetMultiChoice" name="test_with_string_values" time="0.000618"></testcase></testsuite><testsuite name="common.tests.test_utils.TestTsvResponse"><testcase classname="common.tests.test_utils.TestTsvResponse" name="test_response" time="0.000167"></testcase></testsuite><testsuite name="common.tests.test_utils.TestXlsResponse"><testcase classname="common.tests.test_utils.TestXlsResponse" name="test_response" time="0.002925"></testcase></testsuite><testsuite name="common.tests.test_templatetags.ClickableLinksTestCase"><testcase classname="common.tests.test_templatetags.ClickableLinksTestCase" name="test_no_link" time="0.000309"></testcase><testcase classname="common.tests.test_templatetags.ClickableLinksTestCase" name="test_one_link" time="0.006819"></testcase><testcase classname="common.tests.test_templatetags.ClickableLinksTestCase" name="test_two_links" time="0.000563"></testcase><testcase classname="common.tests.test_templatetags.ClickableLinksTestCase" name="test_two_links_bad_break_tag" time="0.000263"></testcase></testsuite><testsuite name="common.tests.test_templatetags.DecimalFormatTestCase"><testcase classname="common.tests.test_templatetags.DecimalFormatTestCase" name="test_decimal_no_fraction" time="0.000047"></testcase><testcase classname="common.tests.test_templatetags.DecimalFormatTestCase" name="test_decimal_with_fraction" time="0.000045"></testcase><testcase classname="common.tests.test_templatetags.DecimalFormatTestCase" name="test_decimal_with_no_integer_part" time="0.000041"></testcase><testcase classname="common.tests.test_templatetags.DecimalFormatTestCase" name="test_integer" time="0.000043"></testcase><testcase classname="common.tests.test_templatetags.DecimalFormatTestCase" name="test_string" time="0.000043"></testcase></testsuite><testsuite name="common.tests.test_templatetags.VerboseHelpTestCase"><testcase classname="common.tests.test_templatetags.VerboseHelpTestCase" name="test_with_attribute" time="0.000295"></testcase><testcase classname="common.tests.test_templatetags.VerboseHelpTestCase" name="test_with_no_attributes" time="0.000056"></testcase></testsuite><testsuite name="methods.tests.test_views.TestAnalyteSearchView"><testcase classname="methods.tests.test_views.TestAnalyteSearchView" name="test_view_no_analyte" time="0.161862"><system-err>/Users/mbucknel/nemi_workspace/nemi/env/lib/python2.6/site-packages/django/template/defaulttags.py:1235: DeprecationWarning: The syntax for the url template tag is changing. Load the `url` tag from the `future` tag library to start using the new behavior.
  category=DeprecationWarning)
</system-err></testcase><testcase classname="methods.tests.test_views.TestAnalyteSearchView" name="test_view_no_method_types" time="0.044310"></testcase><testcase classname="methods.tests.test_views.TestAnalyteSearchView" name="test_view_no_query" time="0.041789"></testcase><testcase classname="methods.tests.test_views.TestAnalyteSearchView" name="test_view_with_analyte_code" time="0.071624"></testcase><testcase classname="methods.tests.test_views.TestAnalyteSearchView" name="test_view_with_analyte_name" time="0.071066"></testcase><testcase classname="methods.tests.test_views.TestAnalyteSearchView" name="test_view_with_analyte_name_and_instrumentation" time="0.071698"></testcase><testcase classname="methods.tests.test_views.TestAnalyteSearchView" name="test_view_with_analyte_name_and_media_name" time="0.079064"></testcase><testcase classname="methods.tests.test_views.TestAnalyteSearchView" name="test_view_with_analyte_name_and_method_subcategory" time="0.074251"></testcase><testcase classname="methods.tests.test_views.TestAnalyteSearchView" name="test_view_with_analyte_name_and_method_types" time="0.068142"></testcase></testsuite><testsuite name="methods.tests.test_views.TestAnalyteSelectView"><testcase classname="methods.tests.test_views.TestAnalyteSelectView" name="test_analyte_code" time="0.004144"></testcase><testcase classname="methods.tests.test_views.TestAnalyteSelectView" name="test_analyte_name" time="0.003857"></testcase><testcase classname="methods.tests.test_views.TestAnalyteSelectView" name="test_bad_query" time="0.001789"></testcase><testcase classname="methods.tests.test_views.TestAnalyteSelectView" name="test_blank_selection" time="0.001900"></testcase></testsuite><testsuite name="methods.tests.test_views.TestBiologicalMethodSummaryView"><testcase classname="methods.tests.test_views.TestBiologicalMethodSummaryView" name="test_view_with_invalid_id" time="0.026837"></testcase><testcase classname="methods.tests.test_views.TestBiologicalMethodSummaryView" name="test_view_with_valid_id" time="0.068199"></testcase></testsuite><testsuite name="methods.tests.test_views.TestBiologicalSearchView"><testcase classname="methods.tests.test_views.TestBiologicalSearchView" name="test_view_analyte_type_filter" time="0.042549"></testcase><testcase classname="methods.tests.test_views.TestBiologicalSearchView" name="test_view_gear_type_filter" time="0.042189"></testcase><testcase classname="methods.tests.test_views.TestBiologicalSearchView" name="test_view_method_types_filter" time="0.040689"></testcase><testcase classname="methods.tests.test_views.TestBiologicalSearchView" name="test_view_no_filter" time="0.041156"></testcase><testcase classname="methods.tests.test_views.TestBiologicalSearchView" name="test_view_no_method_types" time="0.022633"></testcase><testcase classname="methods.tests.test_views.TestBiologicalSearchView" name="test_view_no_query" time="0.022505"></testcase><testcase classname="methods.tests.test_views.TestBiologicalSearchView" name="test_view_waterbody_type_filter" time="0.041678"></testcase></testsuite><testsuite name="methods.tests.test_views.TestBrowseMethodsView"><testcase classname="methods.tests.test_views.TestBrowseMethodsView" name="test_view" time="0.034420"></testcase></testsuite><testsuite name="methods.tests.test_views.TestExportAnalyteSearchView"><testcase classname="methods.tests.test_views.TestExportAnalyteSearchView" name="test_view_bad_query" time="0.008206"></testcase><testcase classname="methods.tests.test_views.TestExportAnalyteSearchView" name="test_view_output_tsv" time="0.016798"></testcase><testcase classname="methods.tests.test_views.TestExportAnalyteSearchView" name="test_view_output_xls" time="0.020398"></testcase></testsuite><testsuite name="methods.tests.test_views.TestExportGeneralSearchView"><testcase classname="methods.tests.test_views.TestExportGeneralSearchView" name="test_view_bad_query" time="0.008356"></testcase><testcase classname="methods.tests.test_views.TestExportGeneralSearchView" name="test_view_output_tsv" time="0.015629"></testcase><testcase classname="methods.tests.test_views.TestExportGeneralSearchView" name="test_view_output_xls" time="0.017945"></testcase></testsuite><testsuite name="methods.tests.test_views.TestExportMethodAnalyte"><testcase classname="methods.tests.test_views.TestExportMethodAnalyte" name="test_view" time="0.004494"></testcase></testsuite><testsuite name="methods.tests.test_views.TestExportRegulatorySearchView"><testcase classname="methods.tests.test_views.TestExportRegulatorySearchView" name="test_view_bad_query" time="0.008729"></testcase><testcase classname="methods.tests.test_views.TestExportRegulatorySearchView" name="test_view_output_tsv" time="0.008811"></testcase><testcase classname="methods.tests.test_views.TestExportRegulatorySearchView" name="test_view_output_xls" time="0.010331"></testcase></testsuite><testsuite name="methods.tests.test_views.TestGeneralSearchView"><testcase classname="methods.tests.test_views.TestGeneralSearchView" name="test_view_filter_by_instrumentation" time="0.053960"></testcase><testcase classname="methods.tests.test_views.TestGeneralSearchView" name="test_view_filter_by_media_name" time="0.051749"></testcase><testcase classname="methods.tests.test_views.TestGeneralSearchView" name="test_view_filter_by_method_number" time="0.052698"></testcase><testcase classname="methods.tests.test_views.TestGeneralSearchView" name="test_view_filter_by_method_subcategory" time="0.056121"></testcase><testcase classname="methods.tests.test_views.TestGeneralSearchView" name="test_view_filter_by_method_types" time="0.052659"></testcase><testcase classname="methods.tests.test_views.TestGeneralSearchView" name="test_view_filter_invalid" time="0.032064"></testcase><testcase classname="methods.tests.test_views.TestGeneralSearchView" name="test_view_no_filter" time="0.063449"></testcase><testcase classname="methods.tests.test_views.TestGeneralSearchView" name="test_view_no_query" time="0.031761"></testcase></testsuite><testsuite name="methods.tests.test_views.TestKeywordSearchView"><testcase classname="methods.tests.test_views.TestKeywordSearchView" name="test_view_blank_search_field" time="0.012944"></testcase><testcase classname="methods.tests.test_views.TestKeywordSearchView" name="test_view_no_query" time="0.012209"></testcase></testsuite><testsuite name="methods.tests.test_views.TestMethodSummaryView"><testcase classname="methods.tests.test_views.TestMethodSummaryView" name="test_view_with_invalid_id" time="0.031842"></testcase><testcase classname="methods.tests.test_views.TestMethodSummaryView" name="test_view_with_valid_id" time="0.044960"></testcase></testsuite><testsuite name="methods.tests.test_views.TestMicrobiologicalSearchView"><testcase classname="methods.tests.test_views.TestMicrobiologicalSearchView" name="test_view_analyte_filter" time="0.036237"></testcase><testcase classname="methods.tests.test_views.TestMicrobiologicalSearchView" name="test_view_method_types_filter" time="0.031763"></testcase><testcase classname="methods.tests.test_views.TestMicrobiologicalSearchView" name="test_view_no_filter" time="0.035755"></testcase><testcase classname="methods.tests.test_views.TestMicrobiologicalSearchView" name="test_view_no_method_types" time="0.021127"></testcase><testcase classname="methods.tests.test_views.TestMicrobiologicalSearchView" name="test_view_no_query" time="0.020829"></testcase></testsuite><testsuite name="methods.tests.test_views.TestPhysicalSearchView"><testcase classname="methods.tests.test_views.TestPhysicalSearchView" name="test_view_analyte_filter" time="0.034971"></testcase><testcase classname="methods.tests.test_views.TestPhysicalSearchView" name="test_view_method_types_filter" time="0.033566"></testcase><testcase classname="methods.tests.test_views.TestPhysicalSearchView" name="test_view_no_filter" time="0.034162"></testcase><testcase classname="methods.tests.test_views.TestPhysicalSearchView" name="test_view_no_method_types" time="0.021304"></testcase><testcase classname="methods.tests.test_views.TestPhysicalSearchView" name="test_view_no_query" time="0.020777"></testcase></testsuite><testsuite name="methods.tests.test_views.TestRegulatoryMethodSummaryView"><testcase classname="methods.tests.test_views.TestRegulatoryMethodSummaryView" name="test_view_with_invalid_id" time="0.032491"></testcase><testcase classname="methods.tests.test_views.TestRegulatoryMethodSummaryView" name="test_view_with_valid_id" time="0.045003"></testcase></testsuite><testsuite name="methods.tests.test_views.TestRegulatorySearchView"><testcase classname="methods.tests.test_views.TestRegulatorySearchView" name="test_view_analyte_code_and_regulation_filter" time="0.052639"></testcase><testcase classname="methods.tests.test_views.TestRegulatorySearchView" name="test_view_analyte_code_filter" time="0.051216"></testcase><testcase classname="methods.tests.test_views.TestRegulatorySearchView" name="test_view_analyte_name_filter" time="0.051193"></testcase><testcase classname="methods.tests.test_views.TestRegulatorySearchView" name="test_view_no_analyte" time="0.024134"></testcase><testcase classname="methods.tests.test_views.TestRegulatorySearchView" name="test_view_no_query" time="0.023811"></testcase></testsuite><testsuite name="methods.tests.test_views.TestStreamPhysicalMethodSummaryView"><testcase classname="methods.tests.test_views.TestStreamPhysicalMethodSummaryView" name="test_view_with_invalid_id" time="0.025474"></testcase><testcase classname="methods.tests.test_views.TestStreamPhysicalMethodSummaryView" name="test_view_with_valid_id" time="0.142373"></testcase></testsuite><testsuite name="methods.tests.test_views.TestStreamPhysicalSearchView"><testcase classname="methods.tests.test_views.TestStreamPhysicalSearchView" name="test_view" time="0.030091"></testcase></testsuite><testsuite name="methods.tests.test_views.TestTabularRegulatorySearchView"><testcase classname="methods.tests.test_views.TestTabularRegulatorySearchView" name="test_view_analyte_filter" time="0.024863"></testcase><testcase classname="methods.tests.test_views.TestTabularRegulatorySearchView" name="test_view_no_filter" time="0.033792"></testcase><testcase classname="methods.tests.test_views.TestTabularRegulatorySearchView" name="test_view_no_query" time="0.020246"></testcase></testsuite><testsuite name="methods.tests.test_views.TestToxicityMethodSummaryView"><testcase classname="methods.tests.test_views.TestToxicityMethodSummaryView" name="test_view_with_invalid_id" time="0.025426"></testcase><testcase classname="methods.tests.test_views.TestToxicityMethodSummaryView" name="test_view_with_valid_id" time="0.035184"></testcase></testsuite><testsuite name="methods.tests.test_views.TestToxicitySearchView"><testcase classname="methods.tests.test_views.TestToxicitySearchView" name="test_view_matrix_filter" time="0.038547"></testcase><testcase classname="methods.tests.test_views.TestToxicitySearchView" name="test_view_media_filter" time="0.039264"></testcase><testcase classname="methods.tests.test_views.TestToxicitySearchView" name="test_view_method_types_filter" time="0.039037"></testcase><testcase classname="methods.tests.test_views.TestToxicitySearchView" name="test_view_no_filter" time="0.039410"></testcase><testcase classname="methods.tests.test_views.TestToxicitySearchView" name="test_view_no_method_types" time="0.023650"></testcase><testcase classname="methods.tests.test_views.TestToxicitySearchView" name="test_view_no_query" time="0.023299"></testcase><testcase classname="methods.tests.test_views.TestToxicitySearchView" name="test_view_subcategory_filter" time="0.039049"></testcase></testsuite><testsuite name="sams.tests.test_views.TestAddStatisticalSourceView"><testcase classname="sams.tests.test_views.TestAddStatisticalSourceView" name="test_view_get" time="0.343001"></testcase></testsuite><testsuite name="sams.tests.test_views.TestStatisticSearchView"><testcase classname="sams.tests.test_views.TestStatisticSearchView" name="test_filter_query" time="0.036110"></testcase></testsuite><testsuite name="sams.tests.test_views.TestStatisticSearchViewNoMethods"><testcase classname="sams.tests.test_views.TestStatisticSearchViewNoMethods" name="test_view_no_query" time="0.027124"></testcase><testcase classname="sams.tests.test_views.TestStatisticSearchViewNoMethods" name="test_view_query_all" time="0.029989"></testcase></testsuite></testsuites>